<?xml version="1.0" encoding="UTF-8"?>
<!-- Generated by org.testng.reporters.JUnitReportReporter -->
<testsuite hostname="F202203001RR-03" failures="0" tests="1" name="com.healthcare.TestCases.TC_LoginTest_01" time="5.274" errors="0" timestamp="12 Mar 2023 17:36:29 GMT" skipped="0">
  <testcase classname="com.healthcare.TestCases.TC_LoginTest_01" name="hcrLogin" time="5.274"/>
</testsuite> <!-- com.healthcare.TestCases.TC_LoginTest_01 -->
